<!-- config file loaded by the TestHarness root test case. -->
<config>
    <!-- add all the common defaults -->    
    <param name="config.location">classpath:META-INF/common-config-defaults.xml</param>

    <!--
    <param name="message.persistence">false</param>
    -->
    <param name="message.delivery">synchronous</param>
    <param name="dev.mode">true</param>

    <!-- Default to the single test keystore. -->
    <param name="keystore.alias">rice</param>
    <param name="keystore.password">r1c3pw</param>
    <param name="keystore.file">${basedir}/src/test/resources/keystore/ricekeystore</param>
    <param name="keystore.location">${basedir}/src/test/resources/keystore/ricekeystore</param>

    <param name="unittest.jetty.server1.port" override="false" random="true">10000-10999</param>
    <param name="unittest.jetty.server2.port" override="false" random="true">11000-11999</param>
    <param name="unittest.jetty.server3.port" override="false" random="true">12000-12999</param>
    <param name="unittest.jetty.server4.port" override="false" random="true">13000-13999</param>
    <param name="unittest.jetty.server5.port" override="false" random="true">14000-14999</param>
    <param name="unittest.jetty.server6.port" override="false" random="true">15000-15999</param>
    <param name="unittest.jetty.server7.port" override="false" random="true">16000-16999</param>
    <param name="unittest.jetty.server8.port" override="false" random="true">17000-17999</param>
    <param name="unittest.jetty.server9.port" override="false" random="true">18000-18999</param>
    <param name="unittest.jetty.server10.port" override="false" random="true">19000-19999</param>
</config>